<?xml version="1.0" encoding="UTF-8" ?>
<testsuite errors="0" failures="4" hostname="PL-PROFE-POR24" name="main.java.prog2.P12_SameTest" skipped="0" tests="4" time="0.217" timestamp="2026-03-05T14:02:16">
  <properties>
[...]
</properties>
  <testcase classname="main.java.prog2.P12_SameTest" name="testDifferentStringsCase" time="0.037">
    <failure message="Output should print &apos;Different&apos; for inputs &apos;Hello&apos; and &apos;hrllo&apos; expected:&lt;[Enter the first string:&#xa;Enter the second string:&#xa;Different]&gt; but was:&lt;[]&gt;" type="junit.framework.AssertionFailedError">junit.framework.AssertionFailedError: Output should print &apos;Different&apos; for inputs &apos;Hello&apos; and &apos;hrllo&apos; expected:&lt;[Enter the first string:
Enter the second string:
Different]&gt; but was:&lt;[]&gt;
	at main.java.prog2.P12_SameTest.testDifferentStringsCase(Unknown Source)
	at java.base/jdk.internal.reflect.DirectMethodHandleAccessor.invoke(DirectMethodHandleAccessor.java:104)
</failure>
  </testcase>
  <testcase classname="main.java.prog2.P12_SameTest" name="testDifferentStrings" time="0.002">
    <failure message="Output should print &apos;Different&apos; when strings differ expected:&lt;[Enter the first string:&#xa;Enter the second string:&#xa;Different]&gt; but was:&lt;[]&gt;" type="junit.framework.AssertionFailedError">junit.framework.AssertionFailedError: Output should print &apos;Different&apos; when strings differ expected:&lt;[Enter the first string:
Enter the second string:
Different]&gt; but was:&lt;[]&gt;
	at main.java.prog2.P12_SameTest.testDifferentStrings(Unknown Source)
	at java.base/jdk.internal.reflect.DirectMethodHandleAccessor.invoke(DirectMethodHandleAccessor.java:104)
</failure>
  </testcase>
  <testcase classname="main.java.prog2.P12_SameTest" name="testDifferentStringsCase2" time="0.004">
    <failure message="Output should print &apos;Different&apos; for inputs &apos;abc&apos; and &apos;xyz&apos; expected:&lt;[Enter the first string:&#xa;Enter the second string:&#xa;Different]&gt; but was:&lt;[]&gt;" type="junit.framework.AssertionFailedError">junit.framework.AssertionFailedError: Output should print &apos;Different&apos; for inputs &apos;abc&apos; and &apos;xyz&apos; expected:&lt;[Enter the first string:
Enter the second string:
Different]&gt; but was:&lt;[]&gt;
	at main.java.prog2.P12_SameTest.testDifferentStringsCase2(Unknown Source)
	at java.base/jdk.internal.reflect.DirectMethodHandleAccessor.invoke(DirectMethodHandleAccessor.java:104)
</failure>
  </testcase>
  <testcase classname="main.java.prog2.P12_SameTest" name="testSameStrings" time="0.002">
    <failure message="Output should print &apos;Same&apos; when strings are equal expected:&lt;[Enter the first string:&#xa;Enter the second string:&#xa;Same]&gt; but was:&lt;[]&gt;" type="junit.framework.AssertionFailedError">junit.framework.AssertionFailedError: Output should print &apos;Same&apos; when strings are equal expected:&lt;[Enter the first string:
Enter the second string:
Same]&gt; but was:&lt;[]&gt;
	at main.java.prog2.P12_SameTest.testSameStrings(Unknown Source)
	at java.base/jdk.internal.reflect.DirectMethodHandleAccessor.invoke(DirectMethodHandleAccessor.java:104)
</failure>
  </testcase>
  <system-out><![CDATA[]]></system-out>
  <system-err><![CDATA[]]></system-err>
</testsuite>
